<?xml version="1.0" encoding="UTF-8"?>
<!-- Generated by org.testng.reporters.JUnitReportReporter -->
<testsuite hostname="DESKTOP-LO5SJKH" failures="0" tests="20" name="com.newtours.tests.BookFlightTest" time="104.171" errors="0" timestamp="31 Aug 2021 18:00:12 GMT" skipped="0">
  <testcase classname="com.newtours.tests.BookFlightTest" name="flightConfirmationPage" time="0.654"/>
  <testcase classname="com.newtours.tests.BookFlightTest" name="flightConfirmationPage" time="1.101"/>
  <testcase classname="com.newtours.tests.BookFlightTest" name="registrationConfirmationPage" time="0.241"/>
  <testcase classname="com.newtours.tests.BookFlightTest" name="registrationPage" time="43.875"/>
  <testcase classname="com.newtours.tests.BookFlightTest" name="registrationConfirmationPage" time="0.331"/>
  <testcase classname="com.newtours.tests.BookFlightTest" name="findFlightPage" time="0.806"/>
  <testcase classname="com.newtours.tests.BookFlightTest" name="registrationConfirmationPage" time="0.323"/>
  <testcase classname="com.newtours.tests.BookFlightTest" name="flightDetailsPage" time="2.253"/>
  <testcase classname="com.newtours.tests.BookFlightTest" name="findFlightPage" time="0.911"/>
  <testcase classname="com.newtours.tests.BookFlightTest" name="registrationPage" time="13.426"/>
  <testcase classname="com.newtours.tests.BookFlightTest" name="flightDetailsPage" time="2.038"/>
  <testcase classname="com.newtours.tests.BookFlightTest" name="flightDetailsPage" time="1.955"/>
  <testcase classname="com.newtours.tests.BookFlightTest" name="flightConfirmationPage" time="0.678"/>
  <testcase classname="com.newtours.tests.BookFlightTest" name="registrationPage" time="16.410"/>
  <testcase classname="com.newtours.tests.BookFlightTest" name="registrationPage" time="13.992"/>
  <testcase classname="com.newtours.tests.BookFlightTest" name="findFlightPage" time="1.089"/>
  <testcase classname="com.newtours.tests.BookFlightTest" name="registrationConfirmationPage" time="0.293"/>
  <testcase classname="com.newtours.tests.BookFlightTest" name="flightDetailsPage" time="2.371"/>
  <testcase classname="com.newtours.tests.BookFlightTest" name="findFlightPage" time="0.827"/>
  <testcase classname="com.newtours.tests.BookFlightTest" name="flightConfirmationPage" time="0.597"/>
</testsuite> <!-- com.newtours.tests.BookFlightTest -->
